<?xml version="1.0" encoding="UTF-8"?>
<!-- Generated by org.testng.reporters.JUnitReportReporter -->
<testsuite hostname="DESKTOP-L2FO9V3" failures="0" tests="1" name="com.myproject.testcases.AddtoCartTest" time="27.360" errors="0" timestamp="2021-12-30T16:30:14 IST" skipped="0">
  <testcase classname="com.myproject.testcases.AddtoCartTest" name="addToCartTest" time="27.360"/>
  <system-out/>
</testsuite> <!-- com.myproject.testcases.AddtoCartTest -->
