<?xml version="1.0" encoding="UTF-8"?>
<!-- Generated by org.testng.reporters.JUnitReportReporter -->
<testsuite hostname="DESKTOP-L2FO9V3" failures="0" tests="1" name="com.myproject.testcases.AllScenerioTest" time="29.589" errors="0" timestamp="2021-12-30T16:58:31 IST" skipped="0">
  <testcase classname="com.myproject.testcases.AllScenerioTest" name="scenerioTest" time="29.589"/>
  <system-out/>
</testsuite> <!-- com.myproject.testcases.AllScenerioTest -->
