<?xml version="1.0" encoding="UTF-8"?>
<!-- Generated by org.testng.reporters.JUnitReportReporter -->
<testsuite hostname="DESKTOP-L2FO9V3" failures="0" tests="2" name="com.myproject.testcases.IndexTest" time="11.075" errors="0" timestamp="2021-12-30T08:36:56 IST" skipped="0">
  <testcase classname="com.myproject.testcases.IndexTest" name="verifyTitle" time="3.079"/>
  <system-out/>
  <testcase classname="com.myproject.testcases.IndexTest" name="verifyLogo" time="7.996"/>
  <system-out/>
</testsuite> <!-- com.myproject.testcases.IndexTest -->
